<?xml version="1.0" encoding="UTF-8"?>
<!-- Generated by org.testng.reporters.JUnitReportReporter -->
<testsuite name="com.add_menu_item.scripts.Test_Add_Menu_Items" tests="1" time="57.570" ignored="0" failures="0" timestamp="13 Dec 2016 05:42:01 GMT" skipped="0" hostname="MYSLAP-018" errors="0">
  <testcase name="add_Menu_Items" time="57.570" classname="com.add_menu_item.scripts.Test_Add_Menu_Items"/>
</testsuite> <!-- com.add_menu_item.scripts.Test_Add_Menu_Items -->
