<?xml version="1.0" encoding="UTF-8"?>
<!-- Generated by org.testng.reporters.JUnitReportReporter -->
<testsuite name="com.add_menu_item.scripts.Test_Add_Toppings" tests="1" time="33.893" ignored="0" failures="0" timestamp="09 Dec 2016 09:44:42 GMT" skipped="0" hostname="MYSLAP-018" errors="0">
  <testcase name="add_Toppings" time="33.893" classname="com.add_menu_item.scripts.Test_Add_Toppings"/>
</testsuite> <!-- com.add_menu_item.scripts.Test_Add_Toppings -->
