<?xml version="1.0" encoding="UTF-8"?>
<!-- Generated by org.testng.reporters.JUnitReportReporter -->
<testsuite name="com.login_framework.scripts.Test_LoginPage" tests="7" time="145.396" ignored="0" failures="0" timestamp="13 Dec 2016 06:04:42 GMT" skipped="0" hostname="MYSLAP-018" errors="0">
  <testcase name="enter_passowrd" time="16.049" classname="com.login_framework.scripts.Test_LoginPage"/>
  <testcase name="login_remember_me_method" time="23.074" classname="com.login_framework.scripts.Test_LoginPage"/>
  <testcase name="enter_username" time="17.808" classname="com.login_framework.scripts.Test_LoginPage"/>
  <testcase name="login_method" time="25.819" classname="com.login_framework.scripts.Test_LoginPage"/>
  <testcase name="enter_username_password" time="14.139" classname="com.login_framework.scripts.Test_LoginPage"/>
  <testcase name="header_footer_method" time="20.683" classname="com.login_framework.scripts.Test_LoginPage"/>
  <testcase name="excellLogin" time="27.824" classname="com.login_framework.scripts.Test_LoginPage"/>
</testsuite> <!-- com.login_framework.scripts.Test_LoginPage -->
