<?xml version="1.0" encoding="UTF-8"?>
<!-- Generated by org.testng.reporters.JUnitReportReporter -->
<testsuite name="com.dashboard_framework.scripts.TestingPerpose" tests="1" time="195.686" ignored="0" failures="0" timestamp="12 Dec 2016 10:58:23 GMT" skipped="0" hostname="MYSLAP-018" errors="0">
  <testcase name="new_Orders_fulfilled_Orders_cancel_Orders_upcoming_Orders" time="195.686" classname="com.dashboard_framework.scripts.TestingPerpose"/>
</testsuite> <!-- com.dashboard_framework.scripts.TestingPerpose -->
